This is pdfTeX, Version 3.14159265-2.6-1.40.20 (TeX Live 2019/W32TeX) (preloaded format=pdflatex 2019.6.14)  29 JAN 2020 18:06
entering extended mode
 restricted \write18 enabled.
 %&-line parsing enabled.
**agfun.tex
(./agfun.tex
LaTeX2e <2018-12-01>
(./latex/elegantbookr.cls

LaTeX Warning: You have requested document class `latex/elegantbookr',
               but the document class provides `elegantbookr'.

Document Class: elegantbookr 2019/08/18 v3.09 ElegantBook document class

(c:/Users/eLearning2019-12/AppData/Roaming/TinyTeX/texmf-dist/tex/latex/oberdie
k/kvoptions.sty
Package: kvoptions 2016/05/16 v3.12 Key value format for package options (HO)

(c:/Users/eLearning2019-12/AppData/Roaming/TinyTeX/texmf-dist/tex/latex/graphic
s/keyval.sty
Package: keyval 2014/10/28 v1.15 key=value parser (DPC)
\KV@toks@=\toks14
)
(c:/Users/eLearning2019-12/AppData/Roaming/TinyTeX/texmf-dist/tex/generic/oberd
iek/ltxcmds.sty
Package: ltxcmds 2016/05/16 v1.23 LaTeX kernel commands for general use (HO)
)
(c:/Users/eLearning2019-12/AppData/Roaming/TinyTeX/texmf-dist/tex/generic/oberd
iek/kvsetkeys.sty
Package: kvsetkeys 2016/05/16 v1.17 Key value parser (HO)

(c:/Users/eLearning2019-12/AppData/Roaming/TinyTeX/texmf-dist/tex/generic/oberd
iek/infwarerr.sty
Package: infwarerr 2016/05/16 v1.4 Providing info/warning/error messages (HO)
)
(c:/Users/eLearning2019-12/AppData/Roaming/TinyTeX/texmf-dist/tex/generic/oberd
iek/etexcmds.sty
Package: etexcmds 2016/05/16 v1.6 Avoid name clashes with e-TeX commands (HO)

(c:/Users/eLearning2019-12/AppData/Roaming/TinyTeX/texmf-dist/tex/generic/oberd
iek/ifluatex.sty
Package: ifluatex 2016/05/16 v1.4 Provides the ifluatex switch (HO)
Package ifluatex Info: LuaTeX not detected.
))))
(c:/Users/eLearning2019-12/AppData/Roaming/TinyTeX/texmf-dist/tex/latex/etoolbo
x/etoolbox.sty
Package: etoolbox 2018/08/19 v2.5f e-TeX tools for LaTeX (JAW)
\etb@tempcnta=\count80
)
(c:/Users/eLearning2019-12/AppData/Roaming/TinyTeX/texmf-dist/tex/latex/base/bo
ok.cls
Document Class: book 2018/09/03 v1.4i Standard LaTeX document class

(c:/Users/eLearning2019-12/AppData/Roaming/TinyTeX/texmf-dist/tex/latex/base/bk
12.clo
File: bk12.clo 2018/09/03 v1.4i Standard LaTeX file (size option)
)
\c@part=\count81
\c@chapter=\count82
\c@section=\count83
\c@subsection=\count84
\c@subsubsection=\count85
\c@paragraph=\count86
\c@subparagraph=\count87
\c@figure=\count88
\c@table=\count89
\abovecaptionskip=\skip41
\belowcaptionskip=\skip42
\bibindent=\dimen102
)
(c:/Users/eLearning2019-12/AppData/Roaming/TinyTeX/texmf-dist/tex/latex/tools/i
ndentfirst.sty
Package: indentfirst 1995/11/23 v1.03 Indent first paragraph (DPC)
)

! LaTeX Error: File `comment.sty' not found.

Type X to quit or <RETURN> to proceed,
or enter new name. (Default extension: sty)

Enter file name: 
! Emergency stop.
<read *> 
         
l.80 \setlength
               \parindent{2em}^^M 
Here is how much of TeX's memory you used:
 1024 strings out of 494553
 15154 string characters out of 6175234
 73017 words of memory out of 5000000
 4747 multiletter control sequences out of 15000+600000
 3938 words of font info for 15 fonts, out of 8000000 for 9000
 14 hyphenation exceptions out of 8191
 37i,0n,21p,843b,36s stack positions out of 5000i,500n,10000p,200000b,80000s

!  ==> Fatal error occurred, no output PDF file produced!
