\BOOKMARK [0][]{chapter*.2}{Introduction}{}% 1
\BOOKMARK [-1][]{part*.4}{Part\040I:\040Mathematical\040Operations}{}% 2
\BOOKMARK [0][]{chapter.1}{1\040Integer\040Exponents}{part*.4}% 3
\BOOKMARK [0][]{chapter.2}{2\040Review\040of\040Factoring}{part*.4}% 4
\BOOKMARK [0][]{chapter.3}{3\040Algebra\040of\040Rational\040Expressions}{part*.4}% 5
\BOOKMARK [0][]{chapter.4}{4\040Radicals\040and\040Rational\040Exponents}{part*.4}% 6
\BOOKMARK [-1][]{part*.5}{Part\0402:\040Equations\040and\040Applications}{}% 7
\BOOKMARK [0][]{chapter.5}{5\040Solving\040Polynomial\040Equations\040by\040Factoring}{part*.5}% 8
\BOOKMARK [0][]{chapter.6}{6\040Quadratic\040Formula}{part*.5}% 9
\BOOKMARK [0][]{chapter.7}{7\040Rational\040Equations}{part*.5}% 10
\BOOKMARK [0][]{chapter.8}{8\040Radical\040Equations}{part*.5}% 11
\BOOKMARK [0][]{chapter.9}{9\040Absolute\040Value\040Equations}{part*.5}% 12
\BOOKMARK [0][]{chapter.10}{10\040Linear\040Inequalities}{part*.5}% 13
\BOOKMARK [-1][]{part*.6}{Part\0403:\040Functions\040and\040Applications}{}% 14
\BOOKMARK [0][]{chapter.11}{11\040Introduction\040to\040Functions}{part*.6}% 15
\BOOKMARK [0][]{chapter.12}{12\040Linear\040Functions}{part*.6}% 16
\BOOKMARK [0][]{chapter.13}{13\040Quadratic\040Functions}{part*.6}% 17
\BOOKMARK [0][]{chapter.14}{14\040Rational\040Functions}{part*.6}% 18
\BOOKMARK [0][]{chapter.15}{15\040Radical\040Functions}{part*.6}% 19
\BOOKMARK [0][]{chapter.16}{16\040Exponential\040Functions}{part*.6}% 20
\BOOKMARK [0][]{chapter.17}{17\040Logarithmic\040Functions}{part*.6}% 21
\BOOKMARK [0][]{chapter.18}{18\040Applications\040of\040Exponential\040and\040Logarithmic\040Functions}{part*.6}% 22
